<?xml version="1.0" encoding="UTF-8"?>
<!-- Generated by org.testng.reporters.JUnitReportReporter -->
<testsuite hostname="Maymanaf" failures="0" tests="10" name="com.expertteam.ImproveSW.CursusTest" time="82.484" errors="0" timestamp="2022-02-09T10:51:54 GMT+01:00" skipped="0">
  <testcase classname="com.expertteam.ImproveSW.CursusTest" name="ElementofNosCursusTest" time="7.604"/>
  <system-out>
    <![CDATA[Le titre correspond avec la liste de cursus]]>
  </system-out>
  <testcase classname="com.expertteam.ImproveSW.CursusTest" name="SelectTLAofNosCursusTest" time="9.920"/>
  <system-out>
    <![CDATA[Le titre correspond avec la page en cours]]>
  </system-out>
  <testcase classname="com.expertteam.ImproveSW.CursusTest" name="cursusTest" time="9.119"/>
  <system-out>
    <![CDATA[Le titre correspond avec la page en cours]]>
  </system-out>
  <testcase classname="com.expertteam.ImproveSW.CursusTest" name="cursusTest" time="8.017"/>
  <system-out>
    <![CDATA[Le titre correspond avec la page en cours]]>
  </system-out>
  <testcase classname="com.expertteam.ImproveSW.CursusTest" name="cursusTest" time="8.428"/>
  <system-out>
    <![CDATA[Le titre correspond avec la page en cours]]>
  </system-out>
  <testcase classname="com.expertteam.ImproveSW.CursusTest" name="cursusTest" time="7.118"/>
  <system-out>
    <![CDATA[Le titre correspond avec la page en cours]]>
  </system-out>
  <testcase classname="com.expertteam.ImproveSW.CursusTest" name="cursusTest" time="7.313"/>
  <system-out>
    <![CDATA[Le titre correspond avec la page en cours]]>
  </system-out>
  <testcase classname="com.expertteam.ImproveSW.CursusTest" name="cursusTest" time="8.220"/>
  <system-out>
    <![CDATA[Le titre correspond avec la page en cours]]>
  </system-out>
  <testcase classname="com.expertteam.ImproveSW.CursusTest" name="cursusTest" time="8.500"/>
  <system-out>
    <![CDATA[Le titre correspond avec la page en cours]]>
  </system-out>
  <testcase classname="com.expertteam.ImproveSW.CursusTest" name="cursusTest" time="8.245"/>
  <system-out>
    <![CDATA[Le titre correspond avec la page en cours]]>
  </system-out>
</testsuite> <!-- com.expertteam.ImproveSW.CursusTest -->
