<?xml version="1.0" encoding="UTF-8"?>
<!-- Generated by org.testng.reporters.JUnitReportReporter -->
<testsuite hostname="Maymanaf" failures="0" tests="2" name="com.expertteam.ImproveSW.SocialMediaTest" time="15.934" errors="0" timestamp="2022-02-09T10:51:54 GMT+01:00" skipped="0">
  <testcase classname="com.expertteam.ImproveSW.SocialMediaTest" name="InstagramHeaderTest" time="6.978"/>
  <system-out>
    <![CDATA[Instagram Page is opened
Expert Team Tunisie Instagram page is opened
Instagram Page is closed]]>
  </system-out>
  <testcase classname="com.expertteam.ImproveSW.SocialMediaTest" name="FacebookHeaderTest" time="8.956"/>
  <system-out>
    <![CDATA[Facebook Page is opened
Expert Team Tunisie facebook page is opened
Facebook Page is closed]]>
  </system-out>
</testsuite> <!-- com.expertteam.ImproveSW.SocialMediaTest -->
