<?xml version="1.0" encoding="UTF-8"?>
<!-- Generated by org.testng.reporters.JUnitReportReporter -->
<testsuite hostname="Maymanaf" failures="0" tests="1" name="com.expertteam.ImproveSW.FormationTest" time="0.000" errors="0" timestamp="2022-01-28T16:52:11 GMT+01:00" skipped="1">
  <testcase classname="com.expertteam.ImproveSW.FormationTest" name="formationLink" time="0.000">
    <skipped/>
  </testcase> <!-- formationLink -->
  <system-out/>
</testsuite> <!-- com.expertteam.ImproveSW.FormationTest -->
