<?xml version="1.0" encoding="UTF-8"?>
<!-- Generated by org.testng.reporters.JUnitReportReporter -->
<testsuite hostname="Maymanaf" failures="0" tests="9" name="com.expertteam.ImproveSW.CursusTest" time="93.813" errors="0" timestamp="2022-01-27T17:09:19 GMT+01:00" skipped="0">
  <testcase classname="com.expertteam.ImproveSW.CursusTest" name="ElementofNosCursusTest" time="12.058"/>
  <system-out/>
  <testcase classname="com.expertteam.ImproveSW.CursusTest" name="SelectTLAofNosCursusTest" time="9.676"/>
  <system-out/>
  <testcase classname="com.expertteam.ImproveSW.CursusTest" name="SelectTAofNosCursusTest" time="10.011"/>
  <system-out/>
  <testcase classname="com.expertteam.ImproveSW.CursusTest" name="SelectDFSofNosCursusTest" time="12.488"/>
  <system-out/>
  <testcase classname="com.expertteam.ImproveSW.CursusTest" name="SelectDAMofNosCursusTest" time="9.640"/>
  <system-out/>
  <testcase classname="com.expertteam.ImproveSW.CursusTest" name="SelectUIUXDofNosCursusTest" time="10.814"/>
  <system-out/>
  <testcase classname="com.expertteam.ImproveSW.CursusTest" name="SelectMDofNosCursusTest" time="10.206"/>
  <system-out/>
  <testcase classname="com.expertteam.ImproveSW.CursusTest" name="SelectRCosCursusTest" time="9.675"/>
  <system-out/>
  <testcase classname="com.expertteam.ImproveSW.CursusTest" name="SelectITATosCursusTest" time="9.245"/>
  <system-out/>
</testsuite> <!-- com.expertteam.ImproveSW.CursusTest -->
