<?xml version="1.0" encoding="UTF-8"?>
<!-- Generated by org.testng.reporters.JUnitReportReporter -->
<testsuite hostname="Maymanaf" failures="0" tests="34" name="com.expertteam.ImproveSW.FormationTest" time="334.066" errors="0" timestamp="2022-02-09T10:51:54 GMT+01:00" skipped="0">
  <testcase classname="com.expertteam.ImproveSW.FormationTest" name="formationLink" time="9.355"/>
  <system-out>
    <![CDATA[Le titre correspond avec la page en cours]]>
  </system-out>
  <testcase classname="com.expertteam.ImproveSW.FormationTest" name="formationLink" time="11.370"/>
  <system-out>
    <![CDATA[Le titre correspond avec la page en cours]]>
  </system-out>
  <testcase classname="com.expertteam.ImproveSW.FormationTest" name="formationLink" time="10.220"/>
  <system-out>
    <![CDATA[Le titre correspond avec la page en cours]]>
  </system-out>
  <testcase classname="com.expertteam.ImproveSW.FormationTest" name="formationLink" time="8.765"/>
  <system-out>
    <![CDATA[Le titre correspond avec la page en cours]]>
  </system-out>
  <testcase classname="com.expertteam.ImproveSW.FormationTest" name="formationLink" time="9.684"/>
  <system-out>
    <![CDATA[Le titre correspond avec la page en cours]]>
  </system-out>
  <testcase classname="com.expertteam.ImproveSW.FormationTest" name="formationLink" time="10.834"/>
  <system-out>
    <![CDATA[Le titre correspond avec la page en cours]]>
  </system-out>
  <testcase classname="com.expertteam.ImproveSW.FormationTest" name="formationLink" time="9.898"/>
  <system-out>
    <![CDATA[Le titre correspond avec la page en cours]]>
  </system-out>
  <testcase classname="com.expertteam.ImproveSW.FormationTest" name="formationLink" time="9.285"/>
  <system-out>
    <![CDATA[Le titre correspond avec la page en cours]]>
  </system-out>
  <testcase classname="com.expertteam.ImproveSW.FormationTest" name="formationLink" time="10.437"/>
  <system-out>
    <![CDATA[Le titre correspond avec la page en cours]]>
  </system-out>
  <testcase classname="com.expertteam.ImproveSW.FormationTest" name="formationLink" time="9.664"/>
  <system-out>
    <![CDATA[Le titre correspond avec la page en cours]]>
  </system-out>
  <testcase classname="com.expertteam.ImproveSW.FormationTest" name="formationLink" time="9.002"/>
  <system-out>
    <![CDATA[Le titre correspond avec la page en cours]]>
  </system-out>
  <testcase classname="com.expertteam.ImproveSW.FormationTest" name="formationLink" time="9.967"/>
  <system-out>
    <![CDATA[Le titre correspond avec la page en cours]]>
  </system-out>
  <testcase classname="com.expertteam.ImproveSW.FormationTest" name="formationLink" time="9.825"/>
  <system-out>
    <![CDATA[Le titre correspond avec la page en cours]]>
  </system-out>
  <testcase classname="com.expertteam.ImproveSW.FormationTest" name="formationLink" time="10.311"/>
  <system-out>
    <![CDATA[Le titre correspond avec la page en cours]]>
  </system-out>
  <testcase classname="com.expertteam.ImproveSW.FormationTest" name="formationLink" time="10.229"/>
  <system-out>
    <![CDATA[Le titre correspond avec la page en cours]]>
  </system-out>
  <testcase classname="com.expertteam.ImproveSW.FormationTest" name="formationLink" time="9.042"/>
  <system-out>
    <![CDATA[Le titre correspond avec la page en cours]]>
  </system-out>
  <testcase classname="com.expertteam.ImproveSW.FormationTest" name="formationLink" time="11.898"/>
  <system-out>
    <![CDATA[Le titre correspond avec la page en cours]]>
  </system-out>
  <testcase classname="com.expertteam.ImproveSW.FormationTest" name="formationLink" time="9.838"/>
  <system-out>
    <![CDATA[Le titre correspond avec la page en cours]]>
  </system-out>
  <testcase classname="com.expertteam.ImproveSW.FormationTest" name="formationLink" time="9.471"/>
  <system-out>
    <![CDATA[Le titre correspond avec la page en cours]]>
  </system-out>
  <testcase classname="com.expertteam.ImproveSW.FormationTest" name="formationLink" time="9.908"/>
  <system-out>
    <![CDATA[Le titre correspond avec la page en cours]]>
  </system-out>
  <testcase classname="com.expertteam.ImproveSW.FormationTest" name="formationLink" time="9.394"/>
  <system-out>
    <![CDATA[Le titre correspond avec la page en cours]]>
  </system-out>
  <testcase classname="com.expertteam.ImproveSW.FormationTest" name="formationLink" time="9.983"/>
  <system-out>
    <![CDATA[Le titre correspond avec la page en cours]]>
  </system-out>
  <testcase classname="com.expertteam.ImproveSW.FormationTest" name="formationLink" time="8.515"/>
  <system-out>
    <![CDATA[Le titre correspond avec la page en cours]]>
  </system-out>
  <testcase classname="com.expertteam.ImproveSW.FormationTest" name="formationLink" time="8.490"/>
  <system-out>
    <![CDATA[Le titre correspond avec la page en cours]]>
  </system-out>
  <testcase classname="com.expertteam.ImproveSW.FormationTest" name="formationLink" time="10.362"/>
  <system-out>
    <![CDATA[Le titre correspond avec la page en cours]]>
  </system-out>
  <testcase classname="com.expertteam.ImproveSW.FormationTest" name="formationLink" time="11.161"/>
  <system-out>
    <![CDATA[Le titre correspond avec la page en cours]]>
  </system-out>
  <testcase classname="com.expertteam.ImproveSW.FormationTest" name="formationLink" time="9.411"/>
  <system-out>
    <![CDATA[Le titre correspond avec la page en cours]]>
  </system-out>
  <testcase classname="com.expertteam.ImproveSW.FormationTest" name="formationLink" time="10.252"/>
  <system-out>
    <![CDATA[Le titre correspond avec la page en cours]]>
  </system-out>
  <testcase classname="com.expertteam.ImproveSW.FormationTest" name="formationLink" time="10.230"/>
  <system-out>
    <![CDATA[Le titre correspond avec la page en cours]]>
  </system-out>
  <testcase classname="com.expertteam.ImproveSW.FormationTest" name="formationLink" time="9.387"/>
  <system-out>
    <![CDATA[Le titre correspond avec la page en cours]]>
  </system-out>
  <testcase classname="com.expertteam.ImproveSW.FormationTest" name="formationLink" time="9.801"/>
  <system-out>
    <![CDATA[Le titre correspond avec la page en cours]]>
  </system-out>
  <testcase classname="com.expertteam.ImproveSW.FormationTest" name="formationLink" time="9.242"/>
  <system-out>
    <![CDATA[Le titre correspond avec la page en cours]]>
  </system-out>
  <testcase classname="com.expertteam.ImproveSW.FormationTest" name="formationLink" time="8.802"/>
  <system-out>
    <![CDATA[Le titre correspond avec la page en cours]]>
  </system-out>
  <testcase classname="com.expertteam.ImproveSW.FormationTest" name="formationLink" time="10.033"/>
  <system-out>
    <![CDATA[Le titre correspond avec la page en cours]]>
  </system-out>
</testsuite> <!-- com.expertteam.ImproveSW.FormationTest -->
