<?xml version="1.0" encoding="UTF-8"?>
<!-- Generated by org.testng.reporters.JUnitReportReporter -->
<testsuite hostname="Maymanaf" failures="0" tests="1" name="com.expertteam.ImproveSW.SocialMediaTest" time="8.172" errors="0" timestamp="2022-02-01T17:39:34 GMT+01:00" skipped="0">
  <testcase classname="com.expertteam.ImproveSW.SocialMediaTest" name="InstagramHeaderTest" time="8.172"/>
  <system-out>
    <![CDATA[Instagram Page is opened
Expert Team Tunisie Instagram page is opened
Instagram Page is closed]]>
  </system-out>
</testsuite> <!-- com.expertteam.ImproveSW.SocialMediaTest -->
