<?xml version="1.0" encoding="UTF-8"?>
<!-- Generated by org.testng.reporters.JUnitReportReporter -->
<testsuite hostname="Maymanaf" failures="0" tests="34" name="com.expertteam.ImproveSW.FormationTest" time="342.567" errors="0" timestamp="2022-02-02T10:52:07 GMT+01:00" skipped="0">
  <testcase classname="com.expertteam.ImproveSW.FormationTest" name="formationLink" time="10.205"/>
  <system-out>
    <![CDATA[Le titre correspond avec la page en cours]]>
  </system-out>
  <testcase classname="com.expertteam.ImproveSW.FormationTest" name="formationLink" time="13.945"/>
  <system-out>
    <![CDATA[Le titre correspond avec la page en cours]]>
  </system-out>
  <testcase classname="com.expertteam.ImproveSW.FormationTest" name="formationLink" time="9.393"/>
  <system-out>
    <![CDATA[Le titre correspond avec la page en cours]]>
  </system-out>
  <testcase classname="com.expertteam.ImproveSW.FormationTest" name="formationLink" time="9.562"/>
  <system-out>
    <![CDATA[Le titre correspond avec la page en cours]]>
  </system-out>
  <testcase classname="com.expertteam.ImproveSW.FormationTest" name="formationLink" time="9.866"/>
  <system-out>
    <![CDATA[Le titre correspond avec la page en cours]]>
  </system-out>
  <testcase classname="com.expertteam.ImproveSW.FormationTest" name="formationLink" time="9.545"/>
  <system-out>
    <![CDATA[Le titre correspond avec la page en cours]]>
  </system-out>
  <testcase classname="com.expertteam.ImproveSW.FormationTest" name="formationLink" time="9.373"/>
  <system-out>
    <![CDATA[Le titre correspond avec la page en cours]]>
  </system-out>
  <testcase classname="com.expertteam.ImproveSW.FormationTest" name="formationLink" time="9.954"/>
  <system-out>
    <![CDATA[Le titre correspond avec la page en cours]]>
  </system-out>
  <testcase classname="com.expertteam.ImproveSW.FormationTest" name="formationLink" time="9.536"/>
  <system-out>
    <![CDATA[Le titre correspond avec la page en cours]]>
  </system-out>
  <testcase classname="com.expertteam.ImproveSW.FormationTest" name="formationLink" time="9.126"/>
  <system-out>
    <![CDATA[Le titre correspond avec la page en cours]]>
  </system-out>
  <testcase classname="com.expertteam.ImproveSW.FormationTest" name="formationLink" time="10.053"/>
  <system-out>
    <![CDATA[Le titre correspond avec la page en cours]]>
  </system-out>
  <testcase classname="com.expertteam.ImproveSW.FormationTest" name="formationLink" time="10.494"/>
  <system-out>
    <![CDATA[Le titre correspond avec la page en cours]]>
  </system-out>
  <testcase classname="com.expertteam.ImproveSW.FormationTest" name="formationLink" time="9.479"/>
  <system-out>
    <![CDATA[Le titre correspond avec la page en cours]]>
  </system-out>
  <testcase classname="com.expertteam.ImproveSW.FormationTest" name="formationLink" time="9.982"/>
  <system-out>
    <![CDATA[Le titre correspond avec la page en cours]]>
  </system-out>
  <testcase classname="com.expertteam.ImproveSW.FormationTest" name="formationLink" time="9.986"/>
  <system-out>
    <![CDATA[Le titre correspond avec la page en cours]]>
  </system-out>
  <testcase classname="com.expertteam.ImproveSW.FormationTest" name="formationLink" time="9.981"/>
  <system-out>
    <![CDATA[Le titre correspond avec la page en cours]]>
  </system-out>
  <testcase classname="com.expertteam.ImproveSW.FormationTest" name="formationLink" time="10.487"/>
  <system-out>
    <![CDATA[Le titre correspond avec la page en cours]]>
  </system-out>
  <testcase classname="com.expertteam.ImproveSW.FormationTest" name="formationLink" time="9.843"/>
  <system-out>
    <![CDATA[Le titre correspond avec la page en cours]]>
  </system-out>
  <testcase classname="com.expertteam.ImproveSW.FormationTest" name="formationLink" time="10.180"/>
  <system-out>
    <![CDATA[Le titre correspond avec la page en cours]]>
  </system-out>
  <testcase classname="com.expertteam.ImproveSW.FormationTest" name="formationLink" time="10.398"/>
  <system-out>
    <![CDATA[Le titre correspond avec la page en cours]]>
  </system-out>
  <testcase classname="com.expertteam.ImproveSW.FormationTest" name="formationLink" time="8.966"/>
  <system-out>
    <![CDATA[Le titre correspond avec la page en cours]]>
  </system-out>
  <testcase classname="com.expertteam.ImproveSW.FormationTest" name="formationLink" time="10.118"/>
  <system-out>
    <![CDATA[Le titre correspond avec la page en cours]]>
  </system-out>
  <testcase classname="com.expertteam.ImproveSW.FormationTest" name="formationLink" time="9.929"/>
  <system-out>
    <![CDATA[Le titre correspond avec la page en cours]]>
  </system-out>
  <testcase classname="com.expertteam.ImproveSW.FormationTest" name="formationLink" time="9.500"/>
  <system-out>
    <![CDATA[Le titre correspond avec la page en cours]]>
  </system-out>
  <testcase classname="com.expertteam.ImproveSW.FormationTest" name="formationLink" time="10.603"/>
  <system-out>
    <![CDATA[Le titre correspond avec la page en cours]]>
  </system-out>
  <testcase classname="com.expertteam.ImproveSW.FormationTest" name="formationLink" time="9.725"/>
  <system-out>
    <![CDATA[Le titre correspond avec la page en cours]]>
  </system-out>
  <testcase classname="com.expertteam.ImproveSW.FormationTest" name="formationLink" time="9.997"/>
  <system-out>
    <![CDATA[Le titre correspond avec la page en cours]]>
  </system-out>
  <testcase classname="com.expertteam.ImproveSW.FormationTest" name="formationLink" time="10.650"/>
  <system-out>
    <![CDATA[Le titre correspond avec la page en cours]]>
  </system-out>
  <testcase classname="com.expertteam.ImproveSW.FormationTest" name="formationLink" time="9.696"/>
  <system-out>
    <![CDATA[Le titre correspond avec la page en cours]]>
  </system-out>
  <testcase classname="com.expertteam.ImproveSW.FormationTest" name="formationLink" time="10.269"/>
  <system-out>
    <![CDATA[Le titre correspond avec la page en cours]]>
  </system-out>
  <testcase classname="com.expertteam.ImproveSW.FormationTest" name="formationLink" time="10.183"/>
  <system-out>
    <![CDATA[Le titre correspond avec la page en cours]]>
  </system-out>
  <testcase classname="com.expertteam.ImproveSW.FormationTest" name="formationLink" time="9.816"/>
  <system-out>
    <![CDATA[Le titre correspond avec la page en cours]]>
  </system-out>
  <testcase classname="com.expertteam.ImproveSW.FormationTest" name="formationLink" time="9.805"/>
  <system-out>
    <![CDATA[Le titre correspond avec la page en cours]]>
  </system-out>
  <testcase classname="com.expertteam.ImproveSW.FormationTest" name="formationLink" time="11.922"/>
  <system-out>
    <![CDATA[Le titre correspond avec la page en cours]]>
  </system-out>
</testsuite> <!-- com.expertteam.ImproveSW.FormationTest -->
