<?xml version="1.0" encoding="UTF-8"?>
<!-- Generated by org.testng.reporters.JUnitReportReporter -->
<testsuite hostname="Maymanaf" failures="0" tests="10" name="com.expertteam.ImproveSW.CursusTest" time="164.705" errors="0" timestamp="2022-02-08T14:21:47 GMT+01:00" skipped="0">
  <testcase classname="com.expertteam.ImproveSW.CursusTest" name="ElementofNosCursusTest" time="13.037"/>
  <system-out>
    <![CDATA[Le titre correspond avec la liste de cursus]]>
  </system-out>
  <testcase classname="com.expertteam.ImproveSW.CursusTest" name="SelectTLAofNosCursusTest" time="16.417"/>
  <system-out>
    <![CDATA[Le titre correspond avec la page en cours]]>
  </system-out>
  <testcase classname="com.expertteam.ImproveSW.CursusTest" name="cursusTest" time="19.656"/>
  <system-out>
    <![CDATA[Le titre correspond avec la page en cours]]>
  </system-out>
  <testcase classname="com.expertteam.ImproveSW.CursusTest" name="cursusTest" time="19.071"/>
  <system-out>
    <![CDATA[Le titre correspond avec la page en cours]]>
  </system-out>
  <testcase classname="com.expertteam.ImproveSW.CursusTest" name="cursusTest" time="15.494"/>
  <system-out>
    <![CDATA[Le titre correspond avec la page en cours]]>
  </system-out>
  <testcase classname="com.expertteam.ImproveSW.CursusTest" name="cursusTest" time="16.254"/>
  <system-out>
    <![CDATA[Le titre correspond avec la page en cours]]>
  </system-out>
  <testcase classname="com.expertteam.ImproveSW.CursusTest" name="cursusTest" time="14.859"/>
  <system-out>
    <![CDATA[Le titre correspond avec la page en cours]]>
  </system-out>
  <testcase classname="com.expertteam.ImproveSW.CursusTest" name="cursusTest" time="16.734"/>
  <system-out>
    <![CDATA[Le titre correspond avec la page en cours]]>
  </system-out>
  <testcase classname="com.expertteam.ImproveSW.CursusTest" name="cursusTest" time="16.151"/>
  <system-out>
    <![CDATA[Le titre correspond avec la page en cours]]>
  </system-out>
  <testcase classname="com.expertteam.ImproveSW.CursusTest" name="cursusTest" time="17.032"/>
  <system-out>
    <![CDATA[Le titre correspond avec la page en cours]]>
  </system-out>
</testsuite> <!-- com.expertteam.ImproveSW.CursusTest -->
