<?xml version="1.0" encoding="UTF-8"?>
<!-- Generated by org.testng.reporters.JUnitReportReporter -->
<testsuite hostname="Maymanaf" failures="0" tests="34" name="com.expertteam.ImproveSW.FormationTest" time="609.970" errors="0" timestamp="2022-02-08T14:21:47 GMT+01:00" skipped="0">
  <testcase classname="com.expertteam.ImproveSW.FormationTest" name="formationLink" time="16.734"/>
  <system-out>
    <![CDATA[Le titre correspond avec la page en cours]]>
  </system-out>
  <testcase classname="com.expertteam.ImproveSW.FormationTest" name="formationLink" time="22.109"/>
  <system-out>
    <![CDATA[Le titre correspond avec la page en cours]]>
  </system-out>
  <testcase classname="com.expertteam.ImproveSW.FormationTest" name="formationLink" time="19.411"/>
  <system-out>
    <![CDATA[Le titre correspond avec la page en cours]]>
  </system-out>
  <testcase classname="com.expertteam.ImproveSW.FormationTest" name="formationLink" time="18.565"/>
  <system-out>
    <![CDATA[Le titre correspond avec la page en cours]]>
  </system-out>
  <testcase classname="com.expertteam.ImproveSW.FormationTest" name="formationLink" time="17.381"/>
  <system-out>
    <![CDATA[Le titre correspond avec la page en cours]]>
  </system-out>
  <testcase classname="com.expertteam.ImproveSW.FormationTest" name="formationLink" time="16.907"/>
  <system-out>
    <![CDATA[Le titre correspond avec la page en cours]]>
  </system-out>
  <testcase classname="com.expertteam.ImproveSW.FormationTest" name="formationLink" time="17.935"/>
  <system-out>
    <![CDATA[Le titre correspond avec la page en cours]]>
  </system-out>
  <testcase classname="com.expertteam.ImproveSW.FormationTest" name="formationLink" time="16.351"/>
  <system-out>
    <![CDATA[Le titre correspond avec la page en cours]]>
  </system-out>
  <testcase classname="com.expertteam.ImproveSW.FormationTest" name="formationLink" time="16.066"/>
  <system-out>
    <![CDATA[Le titre correspond avec la page en cours]]>
  </system-out>
  <testcase classname="com.expertteam.ImproveSW.FormationTest" name="formationLink" time="16.906"/>
  <system-out>
    <![CDATA[Le titre correspond avec la page en cours]]>
  </system-out>
  <testcase classname="com.expertteam.ImproveSW.FormationTest" name="formationLink" time="17.243"/>
  <system-out>
    <![CDATA[Le titre correspond avec la page en cours]]>
  </system-out>
  <testcase classname="com.expertteam.ImproveSW.FormationTest" name="formationLink" time="17.756"/>
  <system-out>
    <![CDATA[Le titre correspond avec la page en cours]]>
  </system-out>
  <testcase classname="com.expertteam.ImproveSW.FormationTest" name="formationLink" time="18.862"/>
  <system-out>
    <![CDATA[Le titre correspond avec la page en cours]]>
  </system-out>
  <testcase classname="com.expertteam.ImproveSW.FormationTest" name="formationLink" time="26.300"/>
  <system-out>
    <![CDATA[Le titre correspond avec la page en cours]]>
  </system-out>
  <testcase classname="com.expertteam.ImproveSW.FormationTest" name="formationLink" time="19.819"/>
  <system-out>
    <![CDATA[Le titre correspond avec la page en cours]]>
  </system-out>
  <testcase classname="com.expertteam.ImproveSW.FormationTest" name="formationLink" time="16.768"/>
  <system-out>
    <![CDATA[Le titre correspond avec la page en cours]]>
  </system-out>
  <testcase classname="com.expertteam.ImproveSW.FormationTest" name="formationLink" time="16.464"/>
  <system-out>
    <![CDATA[Le titre correspond avec la page en cours]]>
  </system-out>
  <testcase classname="com.expertteam.ImproveSW.FormationTest" name="formationLink" time="16.909"/>
  <system-out>
    <![CDATA[Le titre correspond avec la page en cours]]>
  </system-out>
  <testcase classname="com.expertteam.ImproveSW.FormationTest" name="formationLink" time="17.296"/>
  <system-out>
    <![CDATA[Le titre correspond avec la page en cours]]>
  </system-out>
  <testcase classname="com.expertteam.ImproveSW.FormationTest" name="formationLink" time="17.345"/>
  <system-out>
    <![CDATA[Le titre correspond avec la page en cours]]>
  </system-out>
  <testcase classname="com.expertteam.ImproveSW.FormationTest" name="formationLink" time="16.616"/>
  <system-out>
    <![CDATA[Le titre correspond avec la page en cours]]>
  </system-out>
  <testcase classname="com.expertteam.ImproveSW.FormationTest" name="formationLink" time="17.395"/>
  <system-out>
    <![CDATA[Le titre correspond avec la page en cours]]>
  </system-out>
  <testcase classname="com.expertteam.ImproveSW.FormationTest" name="formationLink" time="17.353"/>
  <system-out>
    <![CDATA[Le titre correspond avec la page en cours]]>
  </system-out>
  <testcase classname="com.expertteam.ImproveSW.FormationTest" name="formationLink" time="16.587"/>
  <system-out>
    <![CDATA[Le titre correspond avec la page en cours]]>
  </system-out>
  <testcase classname="com.expertteam.ImproveSW.FormationTest" name="formationLink" time="18.418"/>
  <system-out>
    <![CDATA[Le titre correspond avec la page en cours]]>
  </system-out>
  <testcase classname="com.expertteam.ImproveSW.FormationTest" name="formationLink" time="17.453"/>
  <system-out>
    <![CDATA[Le titre correspond avec la page en cours]]>
  </system-out>
  <testcase classname="com.expertteam.ImproveSW.FormationTest" name="formationLink" time="17.093"/>
  <system-out>
    <![CDATA[Le titre correspond avec la page en cours]]>
  </system-out>
  <testcase classname="com.expertteam.ImproveSW.FormationTest" name="formationLink" time="18.652"/>
  <system-out>
    <![CDATA[Le titre correspond avec la page en cours]]>
  </system-out>
  <testcase classname="com.expertteam.ImproveSW.FormationTest" name="formationLink" time="17.364"/>
  <system-out>
    <![CDATA[Le titre correspond avec la page en cours]]>
  </system-out>
  <testcase classname="com.expertteam.ImproveSW.FormationTest" name="formationLink" time="17.399"/>
  <system-out>
    <![CDATA[Le titre correspond avec la page en cours]]>
  </system-out>
  <testcase classname="com.expertteam.ImproveSW.FormationTest" name="formationLink" time="16.638"/>
  <system-out>
    <![CDATA[Le titre correspond avec la page en cours]]>
  </system-out>
  <testcase classname="com.expertteam.ImproveSW.FormationTest" name="formationLink" time="16.825"/>
  <system-out>
    <![CDATA[Le titre correspond avec la page en cours]]>
  </system-out>
  <testcase classname="com.expertteam.ImproveSW.FormationTest" name="formationLink" time="18.958"/>
  <system-out>
    <![CDATA[Le titre correspond avec la page en cours]]>
  </system-out>
  <testcase classname="com.expertteam.ImproveSW.FormationTest" name="formationLink" time="20.092"/>
  <system-out>
    <![CDATA[Le titre correspond avec la page en cours]]>
  </system-out>
</testsuite> <!-- com.expertteam.ImproveSW.FormationTest -->
