<?xml version="1.0" encoding="UTF-8"?>
<!-- Generated by org.testng.reporters.JUnitReportReporter -->
<testsuite hostname="Maymanaf" failures="0" tests="2" name="com.expertteam.ImproveSW.SocialMediaTest" time="29.347" errors="0" timestamp="2022-02-08T14:21:47 GMT+01:00" skipped="0">
  <testcase classname="com.expertteam.ImproveSW.SocialMediaTest" name="FacebookHeaderTest" time="14.722"/>
  <system-out>
    <![CDATA[Facebook Page is opened
Expert Team Tunisie facebook page is opened
Facebook Page is closed]]>
  </system-out>
  <testcase classname="com.expertteam.ImproveSW.SocialMediaTest" name="InstagramHeaderTest" time="14.625"/>
  <system-out>
    <![CDATA[Instagram Page is opened
Expert Team Tunisie Instagram page is opened
Instagram Page is closed]]>
  </system-out>
</testsuite> <!-- com.expertteam.ImproveSW.SocialMediaTest -->
