<?xml version="1.0" encoding="UTF-8"?>
<!-- Generated by org.testng.reporters.JUnitReportReporter -->
<testsuite hostname="Maymanaf" failures="0" tests="10" name="com.expertteam.ImproveSW.CursusTest" time="85.548" errors="0" timestamp="2022-02-02T10:52:07 GMT+01:00" skipped="0">
  <testcase classname="com.expertteam.ImproveSW.CursusTest" name="ElementofNosCursusTest" time="6.727"/>
  <system-out>
    <![CDATA[Le titre correspond avec la liste de cursus]]>
  </system-out>
  <testcase classname="com.expertteam.ImproveSW.CursusTest" name="SelectTLAofNosCursusTest" time="9.550"/>
  <system-out>
    <![CDATA[Le titre correspond avec la page en cours]]>
  </system-out>
  <testcase classname="com.expertteam.ImproveSW.CursusTest" name="cursusTest" time="12.123"/>
  <system-out>
    <![CDATA[Le titre correspond avec la page en cours]]>
  </system-out>
  <testcase classname="com.expertteam.ImproveSW.CursusTest" name="cursusTest" time="7.572"/>
  <system-out>
    <![CDATA[Le titre correspond avec la page en cours]]>
  </system-out>
  <testcase classname="com.expertteam.ImproveSW.CursusTest" name="cursusTest" time="8.425"/>
  <system-out>
    <![CDATA[Le titre correspond avec la page en cours]]>
  </system-out>
  <testcase classname="com.expertteam.ImproveSW.CursusTest" name="cursusTest" time="8.790"/>
  <system-out>
    <![CDATA[Le titre correspond avec la page en cours]]>
  </system-out>
  <testcase classname="com.expertteam.ImproveSW.CursusTest" name="cursusTest" time="7.194"/>
  <system-out>
    <![CDATA[Le titre correspond avec la page en cours]]>
  </system-out>
  <testcase classname="com.expertteam.ImproveSW.CursusTest" name="cursusTest" time="8.048"/>
  <system-out>
    <![CDATA[Le titre correspond avec la page en cours]]>
  </system-out>
  <testcase classname="com.expertteam.ImproveSW.CursusTest" name="cursusTest" time="7.659"/>
  <system-out>
    <![CDATA[Le titre correspond avec la page en cours]]>
  </system-out>
  <testcase classname="com.expertteam.ImproveSW.CursusTest" name="cursusTest" time="9.460"/>
  <system-out>
    <![CDATA[Le titre correspond avec la page en cours]]>
  </system-out>
</testsuite> <!-- com.expertteam.ImproveSW.CursusTest -->
